Performing C SOURCE FILE Test CMAKE_HAVE_LIBC_PTHREAD failed with the following output:
Change Dir: /mnt/g/others/sblog/build/CMakeFiles/CMakeTmp

Run Build Command(s):/usr/bin/make cmTC_80312/fast && make[1]: Entering directory '/mnt/g/others/sblog/build/CMakeFiles/CMakeTmp'
/usr/bin/make -f CMakeFiles/cmTC_80312.dir/build.make CMakeFiles/cmTC_80312.dir/build
make[2]: Entering directory '/mnt/g/others/sblog/build/CMakeFiles/CMakeTmp'
Building C object CMakeFiles/cmTC_80312.dir/src.c.o
/usr/bin/cc   -rdynamic -O0 -fPIC -ggdb -std=c11 -Wall -Wno-deprecated -Werror -Wno-unused-function -Wno-builtin-macro-redefined -DCMAKE_HAVE_LIBC_PTHREAD   -o CMakeFiles/cmTC_80312.dir/src.c.o   -c /mnt/g/others/sblog/build/CMakeFiles/CMakeTmp/src.c
Linking C executable cmTC_80312
/usr/bin/cmake -E cmake_link_script CMakeFiles/cmTC_80312.dir/link.txt --verbose=1
/usr/bin/cc  -rdynamic -O0 -fPIC -ggdb -std=c11 -Wall -Wno-deprecated -Werror -Wno-unused-function -Wno-builtin-macro-redefined -DCMAKE_HAVE_LIBC_PTHREAD    -rdynamic CMakeFiles/cmTC_80312.dir/src.c.o  -o cmTC_80312 
/usr/bin/ld: CMakeFiles/cmTC_80312.dir/src.c.o: in function `main':
/mnt/g/others/sblog/build/CMakeFiles/CMakeTmp/src.c:11: undefined reference to `pthread_create'
/usr/bin/ld: /mnt/g/others/sblog/build/CMakeFiles/CMakeTmp/src.c:12: undefined reference to `pthread_detach'
/usr/bin/ld: /mnt/g/others/sblog/build/CMakeFiles/CMakeTmp/src.c:13: undefined reference to `pthread_join'
collect2: error: ld returned 1 exit status
make[2]: *** [CMakeFiles/cmTC_80312.dir/build.make:87: cmTC_80312] Error 1
make[2]: Leaving directory '/mnt/g/others/sblog/build/CMakeFiles/CMakeTmp'
make[1]: *** [Makefile:121: cmTC_80312/fast] Error 2
make[1]: Leaving directory '/mnt/g/others/sblog/build/CMakeFiles/CMakeTmp'


Source file was:
#include <pthread.h>

void* test_func(void* data)
{
  return data;
}

int main(void)
{
  pthread_t thread;
  pthread_create(&thread, NULL, test_func, NULL);
  pthread_detach(thread);
  pthread_join(thread, NULL);
  pthread_atfork(NULL, NULL, NULL);
  pthread_exit(NULL);

  return 0;
}

Determining if the function pthread_create exists in the pthreads failed with the following output:
Change Dir: /mnt/g/others/sblog/build/CMakeFiles/CMakeTmp

Run Build Command(s):/usr/bin/make cmTC_e689e/fast && make[1]: Entering directory '/mnt/g/others/sblog/build/CMakeFiles/CMakeTmp'
/usr/bin/make -f CMakeFiles/cmTC_e689e.dir/build.make CMakeFiles/cmTC_e689e.dir/build
make[2]: Entering directory '/mnt/g/others/sblog/build/CMakeFiles/CMakeTmp'
Building C object CMakeFiles/cmTC_e689e.dir/CheckFunctionExists.c.o
/usr/bin/cc   -rdynamic -O0 -fPIC -ggdb -std=c11 -Wall -Wno-deprecated -Werror -Wno-unused-function -Wno-builtin-macro-redefined -DCHECK_FUNCTION_EXISTS=pthread_create   -o CMakeFiles/cmTC_e689e.dir/CheckFunctionExists.c.o   -c /usr/share/cmake-3.16/Modules/CheckFunctionExists.c
Linking C executable cmTC_e689e
/usr/bin/cmake -E cmake_link_script CMakeFiles/cmTC_e689e.dir/link.txt --verbose=1
/usr/bin/cc  -rdynamic -O0 -fPIC -ggdb -std=c11 -Wall -Wno-deprecated -Werror -Wno-unused-function -Wno-builtin-macro-redefined -DCHECK_FUNCTION_EXISTS=pthread_create    -rdynamic CMakeFiles/cmTC_e689e.dir/CheckFunctionExists.c.o  -o cmTC_e689e  -lpthreads 
/usr/bin/ld: cannot find -lpthreads
collect2: error: ld returned 1 exit status
make[2]: *** [CMakeFiles/cmTC_e689e.dir/build.make:87: cmTC_e689e] Error 1
make[2]: Leaving directory '/mnt/g/others/sblog/build/CMakeFiles/CMakeTmp'
make[1]: *** [Makefile:121: cmTC_e689e/fast] Error 2
make[1]: Leaving directory '/mnt/g/others/sblog/build/CMakeFiles/CMakeTmp'



